<?xml version="1.0" encoding="UTF-8"?>
<robot generator="Robot 6.1.1 (Python 3.10.12 on linux)" generated="20231120 19:25:16.130" rpa="false" schemaversion="4">
<suite id="s1" name="Src" source="/home/niilokur/Documents/OHTU/palautusrepositorio/viikko3/web-login/src">
<suite id="s1-s1" name="Tests" source="/home/niilokur/Documents/OHTU/palautusrepositorio/viikko3/web-login/src/tests">
<suite id="s1-s1-s1" name="Home" source="/home/niilokur/Documents/OHTU/palautusrepositorio/viikko3/web-login/src/tests/home.robot">
<kw name="Open And Configure Browser" library="resource" type="SETUP">
<kw name="Evaluate" library="BuiltIn">
<var>${options}</var>
<arg>sys.modules['selenium.webdriver'].FirefoxOptions()</arg>
<arg>sys</arg>
<doc>Evaluates the given expression in Python and returns the result.</doc>
<msg timestamp="20231120 19:25:16.237" level="INFO">${options} = &lt;selenium.webdriver.firefox.options.Options object at 0x7f2d21af2f20&gt;</msg>
<status status="PASS" starttime="20231120 19:25:16.236" endtime="20231120 19:25:16.237"/>
</kw>
<kw name="Call Method" library="BuiltIn">
<arg>${options}</arg>
<arg>add_argument</arg>
<arg>--no-sandbox</arg>
<doc>Calls the named method of the given object with the provided arguments.</doc>
<status status="PASS" starttime="20231120 19:25:16.237" endtime="20231120 19:25:16.237"/>
</kw>
<kw name="Open Browser" library="SeleniumLibrary">
<arg>browser=chrome</arg>
<arg>options=${options}</arg>
<doc>Opens a new browser instance to the optional ``url``.</doc>
<msg timestamp="20231120 19:25:16.237" level="INFO">Opening browser 'chrome' to base url 'None'.</msg>
<status status="PASS" starttime="20231120 19:25:16.237" endtime="20231120 19:25:18.276"/>
</kw>
<kw name="Set Selenium Speed" library="SeleniumLibrary">
<arg>${DELAY}</arg>
<doc>Sets the delay that is waited after each Selenium command.</doc>
<status status="PASS" starttime="20231120 19:25:18.276" endtime="20231120 19:25:18.276"/>
</kw>
<status status="PASS" starttime="20231120 19:25:16.236" endtime="20231120 19:25:18.276"/>
</kw>
<test id="s1-s1-s1-t1" name="Click Login Link" line="8">
<kw name="Go To Starting Page" library="resource" type="SETUP">
<kw name="Go To" library="SeleniumLibrary">
<arg>${HOME_URL}</arg>
<doc>Navigates the current browser window to the provided ``url``.</doc>
<msg timestamp="20231120 19:25:18.277" level="INFO">Opening url 'http://localhost:5001'</msg>
<status status="PASS" starttime="20231120 19:25:18.277" endtime="20231120 19:25:18.375"/>
</kw>
<status status="PASS" starttime="20231120 19:25:18.276" endtime="20231120 19:25:18.375"/>
</kw>
<kw name="Click Link" library="SeleniumLibrary">
<arg>Login</arg>
<doc>Clicks a link identified by ``locator``.</doc>
<msg timestamp="20231120 19:25:18.376" level="INFO">Clicking link 'Login'.</msg>
<status status="PASS" starttime="20231120 19:25:18.375" endtime="20231120 19:25:18.440"/>
</kw>
<kw name="Login Page Should Be Open" library="resource">
<kw name="Title Should Be" library="SeleniumLibrary">
<arg>Login</arg>
<doc>Verifies that the current page title equals ``title``.</doc>
<msg timestamp="20231120 19:25:18.441" level="INFO">Page title is 'Login'.</msg>
<status status="PASS" starttime="20231120 19:25:18.440" endtime="20231120 19:25:18.441"/>
</kw>
<status status="PASS" starttime="20231120 19:25:18.440" endtime="20231120 19:25:18.441"/>
</kw>
<status status="PASS" starttime="20231120 19:25:18.276" endtime="20231120 19:25:18.441"/>
</test>
<test id="s1-s1-s1-t2" name="Click Register Link" line="12">
<kw name="Go To Starting Page" library="resource" type="SETUP">
<kw name="Go To" library="SeleniumLibrary">
<arg>${HOME_URL}</arg>
<doc>Navigates the current browser window to the provided ``url``.</doc>
<msg timestamp="20231120 19:25:18.442" level="INFO">Opening url 'http://localhost:5001'</msg>
<status status="PASS" starttime="20231120 19:25:18.442" endtime="20231120 19:25:18.457"/>
</kw>
<status status="PASS" starttime="20231120 19:25:18.442" endtime="20231120 19:25:18.457"/>
</kw>
<kw name="Click Link" library="SeleniumLibrary">
<arg>Register new user</arg>
<doc>Clicks a link identified by ``locator``.</doc>
<msg timestamp="20231120 19:25:18.458" level="INFO">Clicking link 'Register new user'.</msg>
<status status="PASS" starttime="20231120 19:25:18.458" endtime="20231120 19:25:18.544"/>
</kw>
<kw name="Register Page Should Be Open" library="resource">
<kw name="Title Should Be" library="SeleniumLibrary">
<arg>Register</arg>
<doc>Verifies that the current page title equals ``title``.</doc>
<msg timestamp="20231120 19:25:18.549" level="INFO">Page title is 'Register'.</msg>
<status status="PASS" starttime="20231120 19:25:18.545" endtime="20231120 19:25:18.549"/>
</kw>
<status status="PASS" starttime="20231120 19:25:18.545" endtime="20231120 19:25:18.550"/>
</kw>
<status status="PASS" starttime="20231120 19:25:18.442" endtime="20231120 19:25:18.550"/>
</test>
<kw name="Close Browser" library="SeleniumLibrary" type="TEARDOWN">
<doc>Closes the current browser.</doc>
<status status="PASS" starttime="20231120 19:25:18.551" endtime="20231120 19:25:20.287"/>
</kw>
<status status="PASS" starttime="20231120 19:25:16.142" endtime="20231120 19:25:20.287"/>
</suite>
<suite id="s1-s1-s2" name="Login" source="/home/niilokur/Documents/OHTU/palautusrepositorio/viikko3/web-login/src/tests/login.robot">
<kw name="Open And Configure Browser" library="resource" type="SETUP">
<kw name="Evaluate" library="BuiltIn">
<var>${options}</var>
<arg>sys.modules['selenium.webdriver'].FirefoxOptions()</arg>
<arg>sys</arg>
<doc>Evaluates the given expression in Python and returns the result.</doc>
<msg timestamp="20231120 19:25:20.296" level="INFO">${options} = &lt;selenium.webdriver.firefox.options.Options object at 0x7f2d218123b0&gt;</msg>
<status status="PASS" starttime="20231120 19:25:20.296" endtime="20231120 19:25:20.296"/>
</kw>
<kw name="Call Method" library="BuiltIn">
<arg>${options}</arg>
<arg>add_argument</arg>
<arg>--no-sandbox</arg>
<doc>Calls the named method of the given object with the provided arguments.</doc>
<status status="PASS" starttime="20231120 19:25:20.296" endtime="20231120 19:25:20.296"/>
</kw>
<kw name="Open Browser" library="SeleniumLibrary">
<arg>browser=chrome</arg>
<arg>options=${options}</arg>
<doc>Opens a new browser instance to the optional ``url``.</doc>
<msg timestamp="20231120 19:25:20.297" level="INFO">Opening browser 'chrome' to base url 'None'.</msg>
<status status="PASS" starttime="20231120 19:25:20.296" endtime="20231120 19:25:22.372"/>
</kw>
<kw name="Set Selenium Speed" library="SeleniumLibrary">
<arg>${DELAY}</arg>
<doc>Sets the delay that is waited after each Selenium command.</doc>
<status status="PASS" starttime="20231120 19:25:22.372" endtime="20231120 19:25:22.373"/>
</kw>
<status status="PASS" starttime="20231120 19:25:20.295" endtime="20231120 19:25:22.373"/>
</kw>
<test id="s1-s1-s2-t1" name="Login With Correct Credentials" line="9">
<kw name="Create User And Go To Login Page" library="login_resource" type="SETUP">
<kw name="Create User" library="AppLibrary">
<arg>kalle</arg>
<arg>kalle123</arg>
<status status="PASS" starttime="20231120 19:25:22.373" endtime="20231120 19:25:22.379"/>
</kw>
<kw name="Go To Login Page" library="resource">
<kw name="Go To" library="SeleniumLibrary">
<arg>${LOGIN_URL}</arg>
<doc>Navigates the current browser window to the provided ``url``.</doc>
<msg timestamp="20231120 19:25:22.380" level="INFO">Opening url 'http://localhost:5001/login'</msg>
<status status="PASS" starttime="20231120 19:25:22.380" endtime="20231120 19:25:22.487"/>
</kw>
<status status="PASS" starttime="20231120 19:25:22.379" endtime="20231120 19:25:22.487"/>
</kw>
<kw name="Login Page Should Be Open" library="resource">
<kw name="Title Should Be" library="SeleniumLibrary">
<arg>Login</arg>
<doc>Verifies that the current page title equals ``title``.</doc>
<msg timestamp="20231120 19:25:22.489" level="INFO">Page title is 'Login'.</msg>
<status status="PASS" starttime="20231120 19:25:22.487" endtime="20231120 19:25:22.489"/>
</kw>
<status status="PASS" starttime="20231120 19:25:22.487" endtime="20231120 19:25:22.489"/>
</kw>
<status status="PASS" starttime="20231120 19:25:22.373" endtime="20231120 19:25:22.489"/>
</kw>
<kw name="Set Username" library="login_resource">
<arg>kalle</arg>
<kw name="Input Text" library="SeleniumLibrary">
<arg>username</arg>
<arg>${username}</arg>
<doc>Types the given ``text`` into the text field identified by ``locator``.</doc>
<msg timestamp="20231120 19:25:22.491" level="INFO">Typing text 'kalle' into text field 'username'.</msg>
<status status="PASS" starttime="20231120 19:25:22.490" endtime="20231120 19:25:22.558"/>
</kw>
<status status="PASS" starttime="20231120 19:25:22.490" endtime="20231120 19:25:22.559"/>
</kw>
<kw name="Set Password" library="login_resource">
<arg>kalle123</arg>
<kw name="Input Password" library="SeleniumLibrary">
<arg>password</arg>
<arg>${password}</arg>
<doc>Types the given password into the text field identified by ``locator``.</doc>
<msg timestamp="20231120 19:25:22.560" level="INFO">Typing password into text field 'password'.</msg>
<msg timestamp="20231120 19:25:22.564" level="INFO">Temporally setting log level to: NONE</msg>
<msg timestamp="20231120 19:25:22.570" level="INFO">Log level changed from NONE to INFO.</msg>
<status status="PASS" starttime="20231120 19:25:22.559" endtime="20231120 19:25:22.570"/>
</kw>
<status status="PASS" starttime="20231120 19:25:22.559" endtime="20231120 19:25:22.570"/>
</kw>
<kw name="Submit Credentials" library="login_resource">
<kw name="Click Button" library="SeleniumLibrary">
<arg>Login</arg>
<doc>Clicks the button identified by ``locator``.</doc>
<msg timestamp="20231120 19:25:22.571" level="INFO">Clicking button 'Login'.</msg>
<status status="PASS" starttime="20231120 19:25:22.570" endtime="20231120 19:25:22.644"/>
</kw>
<status status="PASS" starttime="20231120 19:25:22.570" endtime="20231120 19:25:22.644"/>
</kw>
<kw name="Login Should Succeed" library="login_resource">
<kw name="Main Page Should Be Open" library="resource">
<kw name="Title Should Be" library="SeleniumLibrary">
<arg>Ohtu Application main page</arg>
<doc>Verifies that the current page title equals ``title``.</doc>
<msg timestamp="20231120 19:25:22.646" level="INFO">Page title is 'Ohtu Application main page'.</msg>
<status status="PASS" starttime="20231120 19:25:22.645" endtime="20231120 19:25:22.646"/>
</kw>
<status status="PASS" starttime="20231120 19:25:22.645" endtime="20231120 19:25:22.647"/>
</kw>
<status status="PASS" starttime="20231120 19:25:22.644" endtime="20231120 19:25:22.647"/>
</kw>
<status status="PASS" starttime="20231120 19:25:22.373" endtime="20231120 19:25:22.647"/>
</test>
<test id="s1-s1-s2-t2" name="Login With Incorrect Password" line="15">
<kw name="Create User And Go To Login Page" library="login_resource" type="SETUP">
<kw name="Create User" library="AppLibrary">
<arg>kalle</arg>
<arg>kalle123</arg>
<status status="PASS" starttime="20231120 19:25:22.647" endtime="20231120 19:25:22.655"/>
</kw>
<kw name="Go To Login Page" library="resource">
<kw name="Go To" library="SeleniumLibrary">
<arg>${LOGIN_URL}</arg>
<doc>Navigates the current browser window to the provided ``url``.</doc>
<msg timestamp="20231120 19:25:22.656" level="INFO">Opening url 'http://localhost:5001/login'</msg>
<status status="PASS" starttime="20231120 19:25:22.656" endtime="20231120 19:25:22.684"/>
</kw>
<status status="PASS" starttime="20231120 19:25:22.655" endtime="20231120 19:25:22.684"/>
</kw>
<kw name="Login Page Should Be Open" library="resource">
<kw name="Title Should Be" library="SeleniumLibrary">
<arg>Login</arg>
<doc>Verifies that the current page title equals ``title``.</doc>
<msg timestamp="20231120 19:25:22.686" level="INFO">Page title is 'Login'.</msg>
<status status="PASS" starttime="20231120 19:25:22.685" endtime="20231120 19:25:22.686"/>
</kw>
<status status="PASS" starttime="20231120 19:25:22.684" endtime="20231120 19:25:22.686"/>
</kw>
<status status="PASS" starttime="20231120 19:25:22.647" endtime="20231120 19:25:22.686"/>
</kw>
<kw name="Set Username" library="login_resource">
<arg>kalle</arg>
<kw name="Input Text" library="SeleniumLibrary">
<arg>username</arg>
<arg>${username}</arg>
<doc>Types the given ``text`` into the text field identified by ``locator``.</doc>
<msg timestamp="20231120 19:25:22.687" level="INFO">Typing text 'kalle' into text field 'username'.</msg>
<status status="PASS" starttime="20231120 19:25:22.686" endtime="20231120 19:25:22.703"/>
</kw>
<status status="PASS" starttime="20231120 19:25:22.686" endtime="20231120 19:25:22.703"/>
</kw>
<kw name="Set Password" library="login_resource">
<arg>kalle456</arg>
<kw name="Input Password" library="SeleniumLibrary">
<arg>password</arg>
<arg>${password}</arg>
<doc>Types the given password into the text field identified by ``locator``.</doc>
<msg timestamp="20231120 19:25:22.704" level="INFO">Typing password into text field 'password'.</msg>
<msg timestamp="20231120 19:25:22.709" level="INFO">Temporally setting log level to: NONE</msg>
<msg timestamp="20231120 19:25:22.714" level="INFO">Log level changed from NONE to INFO.</msg>
<status status="PASS" starttime="20231120 19:25:22.704" endtime="20231120 19:25:22.714"/>
</kw>
<status status="PASS" starttime="20231120 19:25:22.703" endtime="20231120 19:25:22.714"/>
</kw>
<kw name="Submit Credentials" library="login_resource">
<kw name="Click Button" library="SeleniumLibrary">
<arg>Login</arg>
<doc>Clicks the button identified by ``locator``.</doc>
<msg timestamp="20231120 19:25:22.715" level="INFO">Clicking button 'Login'.</msg>
<status status="PASS" starttime="20231120 19:25:22.715" endtime="20231120 19:25:22.739"/>
</kw>
<status status="PASS" starttime="20231120 19:25:22.715" endtime="20231120 19:25:22.739"/>
</kw>
<kw name="Login Should Fail With Message" library="login_resource">
<arg>Invalid username or password</arg>
<kw name="Login Page Should Be Open" library="resource">
<kw name="Title Should Be" library="SeleniumLibrary">
<arg>Login</arg>
<doc>Verifies that the current page title equals ``title``.</doc>
<msg timestamp="20231120 19:25:22.742" level="INFO">Page title is 'Login'.</msg>
<status status="PASS" starttime="20231120 19:25:22.740" endtime="20231120 19:25:22.742"/>
</kw>
<status status="PASS" starttime="20231120 19:25:22.740" endtime="20231120 19:25:22.742"/>
</kw>
<kw name="Page Should Contain" library="SeleniumLibrary">
<arg>${message}</arg>
<doc>Verifies that current page contains ``text``.</doc>
<msg timestamp="20231120 19:25:22.747" level="INFO">Current page contains text 'Invalid username or password'.</msg>
<status status="PASS" starttime="20231120 19:25:22.743" endtime="20231120 19:25:22.747"/>
</kw>
<status status="PASS" starttime="20231120 19:25:22.739" endtime="20231120 19:25:22.747"/>
</kw>
<status status="PASS" starttime="20231120 19:25:22.647" endtime="20231120 19:25:22.748"/>
</test>
<test id="s1-s1-s2-t3" name="Login With Nonexistent Username" line="21">
<kw name="Create User And Go To Login Page" library="login_resource" type="SETUP">
<kw name="Create User" library="AppLibrary">
<arg>kalle</arg>
<arg>kalle123</arg>
<status status="PASS" starttime="20231120 19:25:22.748" endtime="20231120 19:25:22.754"/>
</kw>
<kw name="Go To Login Page" library="resource">
<kw name="Go To" library="SeleniumLibrary">
<arg>${LOGIN_URL}</arg>
<doc>Navigates the current browser window to the provided ``url``.</doc>
<msg timestamp="20231120 19:25:22.755" level="INFO">Opening url 'http://localhost:5001/login'</msg>
<status status="PASS" starttime="20231120 19:25:22.755" endtime="20231120 19:25:22.769"/>
</kw>
<status status="PASS" starttime="20231120 19:25:22.755" endtime="20231120 19:25:22.769"/>
</kw>
<kw name="Login Page Should Be Open" library="resource">
<kw name="Title Should Be" library="SeleniumLibrary">
<arg>Login</arg>
<doc>Verifies that the current page title equals ``title``.</doc>
<msg timestamp="20231120 19:25:22.771" level="INFO">Page title is 'Login'.</msg>
<status status="PASS" starttime="20231120 19:25:22.769" endtime="20231120 19:25:22.771"/>
</kw>
<status status="PASS" starttime="20231120 19:25:22.769" endtime="20231120 19:25:22.771"/>
</kw>
<status status="PASS" starttime="20231120 19:25:22.748" endtime="20231120 19:25:22.771"/>
</kw>
<kw name="Set Username" library="login_resource">
<arg>kalle2</arg>
<kw name="Input Text" library="SeleniumLibrary">
<arg>username</arg>
<arg>${username}</arg>
<doc>Types the given ``text`` into the text field identified by ``locator``.</doc>
<msg timestamp="20231120 19:25:22.772" level="INFO">Typing text 'kalle2' into text field 'username'.</msg>
<status status="PASS" starttime="20231120 19:25:22.771" endtime="20231120 19:25:22.786"/>
</kw>
<status status="PASS" starttime="20231120 19:25:22.771" endtime="20231120 19:25:22.786"/>
</kw>
<kw name="Set Password" library="login_resource">
<arg>kalle123</arg>
<kw name="Input Password" library="SeleniumLibrary">
<arg>password</arg>
<arg>${password}</arg>
<doc>Types the given password into the text field identified by ``locator``.</doc>
<msg timestamp="20231120 19:25:22.787" level="INFO">Typing password into text field 'password'.</msg>
<msg timestamp="20231120 19:25:22.792" level="INFO">Temporally setting log level to: NONE</msg>
<msg timestamp="20231120 19:25:22.797" level="INFO">Log level changed from NONE to INFO.</msg>
<status status="PASS" starttime="20231120 19:25:22.787" endtime="20231120 19:25:22.797"/>
</kw>
<status status="PASS" starttime="20231120 19:25:22.787" endtime="20231120 19:25:22.797"/>
</kw>
<kw name="Submit Credentials" library="login_resource">
<kw name="Click Button" library="SeleniumLibrary">
<arg>Login</arg>
<doc>Clicks the button identified by ``locator``.</doc>
<msg timestamp="20231120 19:25:22.798" level="INFO">Clicking button 'Login'.</msg>
<status status="PASS" starttime="20231120 19:25:22.798" endtime="20231120 19:25:22.822"/>
</kw>
<status status="PASS" starttime="20231120 19:25:22.797" endtime="20231120 19:25:22.822"/>
</kw>
<kw name="Login Should Fail With Message" library="login_resource">
<arg>Invalid username or password</arg>
<kw name="Login Page Should Be Open" library="resource">
<kw name="Title Should Be" library="SeleniumLibrary">
<arg>Login</arg>
<doc>Verifies that the current page title equals ``title``.</doc>
<msg timestamp="20231120 19:25:22.826" level="INFO">Page title is 'Login'.</msg>
<status status="PASS" starttime="20231120 19:25:22.823" endtime="20231120 19:25:22.826"/>
</kw>
<status status="PASS" starttime="20231120 19:25:22.823" endtime="20231120 19:25:22.826"/>
</kw>
<kw name="Page Should Contain" library="SeleniumLibrary">
<arg>${message}</arg>
<doc>Verifies that current page contains ``text``.</doc>
<msg timestamp="20231120 19:25:22.830" level="INFO">Current page contains text 'Invalid username or password'.</msg>
<status status="PASS" starttime="20231120 19:25:22.826" endtime="20231120 19:25:22.830"/>
</kw>
<status status="PASS" starttime="20231120 19:25:22.822" endtime="20231120 19:25:22.830"/>
</kw>
<status status="PASS" starttime="20231120 19:25:22.748" endtime="20231120 19:25:22.830"/>
</test>
<kw name="Close Browser" library="SeleniumLibrary" type="TEARDOWN">
<doc>Closes the current browser.</doc>
<status status="PASS" starttime="20231120 19:25:22.831" endtime="20231120 19:25:24.349"/>
</kw>
<status status="PASS" starttime="20231120 19:25:20.288" endtime="20231120 19:25:24.349"/>
</suite>
<suite id="s1-s1-s3" name="Register" source="/home/niilokur/Documents/OHTU/palautusrepositorio/viikko3/web-login/src/tests/register.robot">
<kw name="Open And Configure Browser" library="resource" type="SETUP">
<kw name="Evaluate" library="BuiltIn">
<var>${options}</var>
<arg>sys.modules['selenium.webdriver'].FirefoxOptions()</arg>
<arg>sys</arg>
<doc>Evaluates the given expression in Python and returns the result.</doc>
<msg timestamp="20231120 19:25:24.357" level="INFO">${options} = &lt;selenium.webdriver.firefox.options.Options object at 0x7f2d21811c90&gt;</msg>
<status status="PASS" starttime="20231120 19:25:24.357" endtime="20231120 19:25:24.357"/>
</kw>
<kw name="Call Method" library="BuiltIn">
<arg>${options}</arg>
<arg>add_argument</arg>
<arg>--no-sandbox</arg>
<doc>Calls the named method of the given object with the provided arguments.</doc>
<status status="PASS" starttime="20231120 19:25:24.357" endtime="20231120 19:25:24.358"/>
</kw>
<kw name="Open Browser" library="SeleniumLibrary">
<arg>browser=chrome</arg>
<arg>options=${options}</arg>
<doc>Opens a new browser instance to the optional ``url``.</doc>
<msg timestamp="20231120 19:25:24.358" level="INFO">Opening browser 'chrome' to base url 'None'.</msg>
<status status="PASS" starttime="20231120 19:25:24.358" endtime="20231120 19:25:26.662"/>
</kw>
<kw name="Set Selenium Speed" library="SeleniumLibrary">
<arg>${DELAY}</arg>
<doc>Sets the delay that is waited after each Selenium command.</doc>
<status status="PASS" starttime="20231120 19:25:26.663" endtime="20231120 19:25:26.663"/>
</kw>
<status status="PASS" starttime="20231120 19:25:24.357" endtime="20231120 19:25:26.663"/>
</kw>
<test id="s1-s1-s3-t1" name="Register With Valid Username And Password" line="15">
<kw name="Go To Register Page" library="resource" type="SETUP">
<kw name="Go To" library="SeleniumLibrary">
<arg>${REGISTER_URL}</arg>
<doc>Navigates the current browser window to the provided ``url``.</doc>
<msg timestamp="20231120 19:25:26.664" level="INFO">Opening url 'http://localhost:5001/register'</msg>
<status status="PASS" starttime="20231120 19:25:26.664" endtime="20231120 19:25:26.770"/>
</kw>
<status status="PASS" starttime="20231120 19:25:26.663" endtime="20231120 19:25:26.770"/>
</kw>
<kw name="Set Username" library="login_resource">
<arg>${VALID_USERNAME}</arg>
<kw name="Input Text" library="SeleniumLibrary">
<arg>username</arg>
<arg>${username}</arg>
<doc>Types the given ``text`` into the text field identified by ``locator``.</doc>
<msg timestamp="20231120 19:25:26.772" level="INFO">Typing text 'testuser' into text field 'username'.</msg>
<status status="PASS" starttime="20231120 19:25:26.771" endtime="20231120 19:25:26.853"/>
</kw>
<status status="PASS" starttime="20231120 19:25:26.771" endtime="20231120 19:25:26.853"/>
</kw>
<kw name="Set Password" library="login_resource">
<arg>${VALID_PASSWORD}</arg>
<kw name="Input Password" library="SeleniumLibrary">
<arg>password</arg>
<arg>${password}</arg>
<doc>Types the given password into the text field identified by ``locator``.</doc>
<msg timestamp="20231120 19:25:26.854" level="INFO">Typing password into text field 'password'.</msg>
<msg timestamp="20231120 19:25:26.861" level="INFO">Temporally setting log level to: NONE</msg>
<msg timestamp="20231120 19:25:26.871" level="INFO">Log level changed from NONE to INFO.</msg>
<status status="PASS" starttime="20231120 19:25:26.854" endtime="20231120 19:25:26.871"/>
</kw>
<status status="PASS" starttime="20231120 19:25:26.853" endtime="20231120 19:25:26.872"/>
</kw>
<kw name="Set Password Confirmation">
<arg>${VALID_PASSWORD}</arg>
<kw name="Input Password" library="SeleniumLibrary">
<arg>password_confirmation</arg>
<arg>${password}</arg>
<doc>Types the given password into the text field identified by ``locator``.</doc>
<msg timestamp="20231120 19:25:26.874" level="INFO">Typing password into text field 'password_confirmation'.</msg>
<msg timestamp="20231120 19:25:26.881" level="INFO">Temporally setting log level to: NONE</msg>
<msg timestamp="20231120 19:25:26.887" level="INFO">Log level changed from NONE to INFO.</msg>
<status status="PASS" starttime="20231120 19:25:26.874" endtime="20231120 19:25:26.887"/>
</kw>
<status status="PASS" starttime="20231120 19:25:26.873" endtime="20231120 19:25:26.887"/>
</kw>
<kw name="Submit Register">
<kw name="Click Button" library="SeleniumLibrary">
<arg>Register</arg>
<doc>Clicks the button identified by ``locator``.</doc>
<msg timestamp="20231120 19:25:26.888" level="INFO">Clicking button 'Register'.</msg>
<status status="PASS" starttime="20231120 19:25:26.888" endtime="20231120 19:25:26.932"/>
</kw>
<status status="PASS" starttime="20231120 19:25:26.888" endtime="20231120 19:25:26.932"/>
</kw>
<kw name="Register Should Succeed">
<kw name="Welcome Page Should Be Open" library="resource">
<kw name="Title Should Be" library="SeleniumLibrary">
<arg>Welcome to Ohtu Application!</arg>
<doc>Verifies that the current page title equals ``title``.</doc>
<msg timestamp="20231120 19:25:26.934" level="INFO">Page title is 'Welcome to Ohtu Application!'.</msg>
<status status="PASS" starttime="20231120 19:25:26.933" endtime="20231120 19:25:26.934"/>
</kw>
<status status="PASS" starttime="20231120 19:25:26.933" endtime="20231120 19:25:26.934"/>
</kw>
<status status="PASS" starttime="20231120 19:25:26.932" endtime="20231120 19:25:26.935"/>
</kw>
<kw name="Reset Database" library="resource" type="TEARDOWN">
<kw name="Reset Application" library="AppLibrary">
<status status="PASS" starttime="20231120 19:25:26.935" endtime="20231120 19:25:26.939"/>
</kw>
<status status="PASS" starttime="20231120 19:25:26.935" endtime="20231120 19:25:26.939"/>
</kw>
<status status="PASS" starttime="20231120 19:25:26.663" endtime="20231120 19:25:26.939"/>
</test>
<test id="s1-s1-s3-t2" name="Register With Too Short Username And Valid Password" line="23">
<kw name="Go To Register Page" library="resource" type="SETUP">
<kw name="Go To" library="SeleniumLibrary">
<arg>${REGISTER_URL}</arg>
<doc>Navigates the current browser window to the provided ``url``.</doc>
<msg timestamp="20231120 19:25:26.940" level="INFO">Opening url 'http://localhost:5001/register'</msg>
<status status="PASS" starttime="20231120 19:25:26.940" endtime="20231120 19:25:26.959"/>
</kw>
<status status="PASS" starttime="20231120 19:25:26.940" endtime="20231120 19:25:26.959"/>
</kw>
<kw name="Set Username" library="login_resource">
<arg>a</arg>
<kw name="Input Text" library="SeleniumLibrary">
<arg>username</arg>
<arg>${username}</arg>
<doc>Types the given ``text`` into the text field identified by ``locator``.</doc>
<msg timestamp="20231120 19:25:26.960" level="INFO">Typing text 'a' into text field 'username'.</msg>
<status status="PASS" starttime="20231120 19:25:26.959" endtime="20231120 19:25:26.977"/>
</kw>
<status status="PASS" starttime="20231120 19:25:26.959" endtime="20231120 19:25:26.977"/>
</kw>
<kw name="Set Password" library="login_resource">
<arg>${VALID_PASSWORD}</arg>
<kw name="Input Password" library="SeleniumLibrary">
<arg>password</arg>
<arg>${password}</arg>
<doc>Types the given password into the text field identified by ``locator``.</doc>
<msg timestamp="20231120 19:25:26.978" level="INFO">Typing password into text field 'password'.</msg>
<msg timestamp="20231120 19:25:26.982" level="INFO">Temporally setting log level to: NONE</msg>
<msg timestamp="20231120 19:25:26.987" level="INFO">Log level changed from NONE to INFO.</msg>
<status status="PASS" starttime="20231120 19:25:26.977" endtime="20231120 19:25:26.987"/>
</kw>
<status status="PASS" starttime="20231120 19:25:26.977" endtime="20231120 19:25:26.987"/>
</kw>
<kw name="Set Password Confirmation">
<arg>${VALID_PASSWORD}</arg>
<kw name="Input Password" library="SeleniumLibrary">
<arg>password_confirmation</arg>
<arg>${password}</arg>
<doc>Types the given password into the text field identified by ``locator``.</doc>
<msg timestamp="20231120 19:25:26.988" level="INFO">Typing password into text field 'password_confirmation'.</msg>
<msg timestamp="20231120 19:25:26.993" level="INFO">Temporally setting log level to: NONE</msg>
<msg timestamp="20231120 19:25:26.999" level="INFO">Log level changed from NONE to INFO.</msg>
<status status="PASS" starttime="20231120 19:25:26.988" endtime="20231120 19:25:26.999"/>
</kw>
<status status="PASS" starttime="20231120 19:25:26.988" endtime="20231120 19:25:26.999"/>
</kw>
<kw name="Submit Register">
<kw name="Click Button" library="SeleniumLibrary">
<arg>Register</arg>
<doc>Clicks the button identified by ``locator``.</doc>
<msg timestamp="20231120 19:25:27.000" level="INFO">Clicking button 'Register'.</msg>
<status status="PASS" starttime="20231120 19:25:26.999" endtime="20231120 19:25:27.026"/>
</kw>
<status status="PASS" starttime="20231120 19:25:26.999" endtime="20231120 19:25:27.026"/>
</kw>
<kw name="Register Should Fail With Message">
<arg>Username must be at least three characters long</arg>
<kw name="Register Page Should Be Open" library="resource">
<kw name="Title Should Be" library="SeleniumLibrary">
<arg>Register</arg>
<doc>Verifies that the current page title equals ``title``.</doc>
<msg timestamp="20231120 19:25:27.028" level="INFO">Page title is 'Register'.</msg>
<status status="PASS" starttime="20231120 19:25:27.027" endtime="20231120 19:25:27.028"/>
</kw>
<status status="PASS" starttime="20231120 19:25:27.026" endtime="20231120 19:25:27.028"/>
</kw>
<kw name="Page Should Contain" library="SeleniumLibrary">
<arg>${message}</arg>
<doc>Verifies that current page contains ``text``.</doc>
<msg timestamp="20231120 19:25:27.034" level="INFO">Current page contains text 'Username must be at least three characters long'.</msg>
<status status="PASS" starttime="20231120 19:25:27.028" endtime="20231120 19:25:27.034"/>
</kw>
<status status="PASS" starttime="20231120 19:25:27.026" endtime="20231120 19:25:27.034"/>
</kw>
<kw name="Reset Database" library="resource" type="TEARDOWN">
<kw name="Reset Application" library="AppLibrary">
<status status="PASS" starttime="20231120 19:25:27.035" endtime="20231120 19:25:27.039"/>
</kw>
<status status="PASS" starttime="20231120 19:25:27.035" endtime="20231120 19:25:27.039"/>
</kw>
<status status="PASS" starttime="20231120 19:25:26.939" endtime="20231120 19:25:27.039"/>
</test>
<test id="s1-s1-s3-t3" name="Register With Valid Username And Invalid Password" line="30">
<kw name="Go To Register Page" library="resource" type="SETUP">
<kw name="Go To" library="SeleniumLibrary">
<arg>${REGISTER_URL}</arg>
<doc>Navigates the current browser window to the provided ``url``.</doc>
<msg timestamp="20231120 19:25:27.040" level="INFO">Opening url 'http://localhost:5001/register'</msg>
<status status="PASS" starttime="20231120 19:25:27.040" endtime="20231120 19:25:27.055"/>
</kw>
<status status="PASS" starttime="20231120 19:25:27.040" endtime="20231120 19:25:27.055"/>
</kw>
<kw name="Set Username" library="login_resource">
<arg>${VALID_USERNAME}</arg>
<kw name="Input Text" library="SeleniumLibrary">
<arg>username</arg>
<arg>${username}</arg>
<doc>Types the given ``text`` into the text field identified by ``locator``.</doc>
<msg timestamp="20231120 19:25:27.056" level="INFO">Typing text 'testuser' into text field 'username'.</msg>
<status status="PASS" starttime="20231120 19:25:27.056" endtime="20231120 19:25:27.072"/>
</kw>
<status status="PASS" starttime="20231120 19:25:27.056" endtime="20231120 19:25:27.072"/>
</kw>
<kw name="Set Password" library="login_resource">
<arg>ajkllkkkkk</arg>
<kw name="Input Password" library="SeleniumLibrary">
<arg>password</arg>
<arg>${password}</arg>
<doc>Types the given password into the text field identified by ``locator``.</doc>
<msg timestamp="20231120 19:25:27.073" level="INFO">Typing password into text field 'password'.</msg>
<msg timestamp="20231120 19:25:27.078" level="INFO">Temporally setting log level to: NONE</msg>
<msg timestamp="20231120 19:25:27.083" level="INFO">Log level changed from NONE to INFO.</msg>
<status status="PASS" starttime="20231120 19:25:27.072" endtime="20231120 19:25:27.083"/>
</kw>
<status status="PASS" starttime="20231120 19:25:27.072" endtime="20231120 19:25:27.083"/>
</kw>
<kw name="Set Password Confirmation">
<arg>ajkllkkkkk</arg>
<kw name="Input Password" library="SeleniumLibrary">
<arg>password_confirmation</arg>
<arg>${password}</arg>
<doc>Types the given password into the text field identified by ``locator``.</doc>
<msg timestamp="20231120 19:25:27.084" level="INFO">Typing password into text field 'password_confirmation'.</msg>
<msg timestamp="20231120 19:25:27.088" level="INFO">Temporally setting log level to: NONE</msg>
<msg timestamp="20231120 19:25:27.094" level="INFO">Log level changed from NONE to INFO.</msg>
<status status="PASS" starttime="20231120 19:25:27.084" endtime="20231120 19:25:27.094"/>
</kw>
<status status="PASS" starttime="20231120 19:25:27.083" endtime="20231120 19:25:27.094"/>
</kw>
<kw name="Submit Register">
<kw name="Click Button" library="SeleniumLibrary">
<arg>Register</arg>
<doc>Clicks the button identified by ``locator``.</doc>
<msg timestamp="20231120 19:25:27.095" level="INFO">Clicking button 'Register'.</msg>
<status status="PASS" starttime="20231120 19:25:27.094" endtime="20231120 19:25:27.123"/>
</kw>
<status status="PASS" starttime="20231120 19:25:27.094" endtime="20231120 19:25:27.123"/>
</kw>
<kw name="Register Should Fail With Message">
<arg>Password must contain numbers and letters</arg>
<kw name="Register Page Should Be Open" library="resource">
<kw name="Title Should Be" library="SeleniumLibrary">
<arg>Register</arg>
<doc>Verifies that the current page title equals ``title``.</doc>
<msg timestamp="20231120 19:25:27.125" level="INFO">Page title is 'Register'.</msg>
<status status="PASS" starttime="20231120 19:25:27.124" endtime="20231120 19:25:27.125"/>
</kw>
<status status="PASS" starttime="20231120 19:25:27.123" endtime="20231120 19:25:27.125"/>
</kw>
<kw name="Page Should Contain" library="SeleniumLibrary">
<arg>${message}</arg>
<doc>Verifies that current page contains ``text``.</doc>
<msg timestamp="20231120 19:25:27.131" level="INFO">Current page contains text 'Password must contain numbers and letters'.</msg>
<status status="PASS" starttime="20231120 19:25:27.125" endtime="20231120 19:25:27.131"/>
</kw>
<status status="PASS" starttime="20231120 19:25:27.123" endtime="20231120 19:25:27.131"/>
</kw>
<kw name="Reset Database" library="resource" type="TEARDOWN">
<kw name="Reset Application" library="AppLibrary">
<status status="PASS" starttime="20231120 19:25:27.132" endtime="20231120 19:25:27.136"/>
</kw>
<status status="PASS" starttime="20231120 19:25:27.132" endtime="20231120 19:25:27.136"/>
</kw>
<status status="PASS" starttime="20231120 19:25:27.039" endtime="20231120 19:25:27.136"/>
</test>
<test id="s1-s1-s3-t4" name="Register With Nonmatching Password And Password Confirmation" line="37">
<kw name="Go To Register Page" library="resource" type="SETUP">
<kw name="Go To" library="SeleniumLibrary">
<arg>${REGISTER_URL}</arg>
<doc>Navigates the current browser window to the provided ``url``.</doc>
<msg timestamp="20231120 19:25:27.137" level="INFO">Opening url 'http://localhost:5001/register'</msg>
<status status="PASS" starttime="20231120 19:25:27.137" endtime="20231120 19:25:27.153"/>
</kw>
<status status="PASS" starttime="20231120 19:25:27.136" endtime="20231120 19:25:27.153"/>
</kw>
<kw name="Set Username" library="login_resource">
<arg>${VALID_USERNAME}</arg>
<kw name="Input Text" library="SeleniumLibrary">
<arg>username</arg>
<arg>${username}</arg>
<doc>Types the given ``text`` into the text field identified by ``locator``.</doc>
<msg timestamp="20231120 19:25:27.154" level="INFO">Typing text 'testuser' into text field 'username'.</msg>
<status status="PASS" starttime="20231120 19:25:27.153" endtime="20231120 19:25:27.170"/>
</kw>
<status status="PASS" starttime="20231120 19:25:27.153" endtime="20231120 19:25:27.170"/>
</kw>
<kw name="Set Password" library="login_resource">
<arg>${VALID_PASSWORD}</arg>
<kw name="Input Password" library="SeleniumLibrary">
<arg>password</arg>
<arg>${password}</arg>
<doc>Types the given password into the text field identified by ``locator``.</doc>
<msg timestamp="20231120 19:25:27.171" level="INFO">Typing password into text field 'password'.</msg>
<msg timestamp="20231120 19:25:27.175" level="INFO">Temporally setting log level to: NONE</msg>
<msg timestamp="20231120 19:25:27.181" level="INFO">Log level changed from NONE to INFO.</msg>
<status status="PASS" starttime="20231120 19:25:27.170" endtime="20231120 19:25:27.181"/>
</kw>
<status status="PASS" starttime="20231120 19:25:27.170" endtime="20231120 19:25:27.181"/>
</kw>
<kw name="Set Password Confirmation">
<arg>${VALID_PASSWORD}1</arg>
<kw name="Input Password" library="SeleniumLibrary">
<arg>password_confirmation</arg>
<arg>${password}</arg>
<doc>Types the given password into the text field identified by ``locator``.</doc>
<msg timestamp="20231120 19:25:27.182" level="INFO">Typing password into text field 'password_confirmation'.</msg>
<msg timestamp="20231120 19:25:27.186" level="INFO">Temporally setting log level to: NONE</msg>
<msg timestamp="20231120 19:25:27.191" level="INFO">Log level changed from NONE to INFO.</msg>
<status status="PASS" starttime="20231120 19:25:27.182" endtime="20231120 19:25:27.192"/>
</kw>
<status status="PASS" starttime="20231120 19:25:27.182" endtime="20231120 19:25:27.192"/>
</kw>
<kw name="Submit Register">
<kw name="Click Button" library="SeleniumLibrary">
<arg>Register</arg>
<doc>Clicks the button identified by ``locator``.</doc>
<msg timestamp="20231120 19:25:27.192" level="INFO">Clicking button 'Register'.</msg>
<status status="PASS" starttime="20231120 19:25:27.192" endtime="20231120 19:25:27.219"/>
</kw>
<status status="PASS" starttime="20231120 19:25:27.192" endtime="20231120 19:25:27.219"/>
</kw>
<kw name="Register Should Fail With Message">
<arg>Password and password confirmation do not match</arg>
<kw name="Register Page Should Be Open" library="resource">
<kw name="Title Should Be" library="SeleniumLibrary">
<arg>Register</arg>
<doc>Verifies that the current page title equals ``title``.</doc>
<msg timestamp="20231120 19:25:27.221" level="INFO">Page title is 'Register'.</msg>
<status status="PASS" starttime="20231120 19:25:27.220" endtime="20231120 19:25:27.221"/>
</kw>
<status status="PASS" starttime="20231120 19:25:27.220" endtime="20231120 19:25:27.221"/>
</kw>
<kw name="Page Should Contain" library="SeleniumLibrary">
<arg>${message}</arg>
<doc>Verifies that current page contains ``text``.</doc>
<msg timestamp="20231120 19:25:27.224" level="INFO">Current page contains text 'Password and password confirmation do not match'.</msg>
<status status="PASS" starttime="20231120 19:25:27.221" endtime="20231120 19:25:27.224"/>
</kw>
<status status="PASS" starttime="20231120 19:25:27.219" endtime="20231120 19:25:27.224"/>
</kw>
<kw name="Reset Database" library="resource" type="TEARDOWN">
<kw name="Reset Application" library="AppLibrary">
<status status="PASS" starttime="20231120 19:25:27.225" endtime="20231120 19:25:27.229"/>
</kw>
<status status="PASS" starttime="20231120 19:25:27.225" endtime="20231120 19:25:27.229"/>
</kw>
<status status="PASS" starttime="20231120 19:25:27.136" endtime="20231120 19:25:27.229"/>
</test>
<test id="s1-s1-s3-t5" name="Login After Successful Registration" line="44">
<kw name="Go To Register Page" library="resource" type="SETUP">
<kw name="Go To" library="SeleniumLibrary">
<arg>${REGISTER_URL}</arg>
<doc>Navigates the current browser window to the provided ``url``.</doc>
<msg timestamp="20231120 19:25:27.231" level="INFO">Opening url 'http://localhost:5001/register'</msg>
<status status="PASS" starttime="20231120 19:25:27.231" endtime="20231120 19:25:27.245"/>
</kw>
<status status="PASS" starttime="20231120 19:25:27.230" endtime="20231120 19:25:27.245"/>
</kw>
<kw name="Set Username" library="login_resource">
<arg>${VALID_USERNAME}</arg>
<kw name="Input Text" library="SeleniumLibrary">
<arg>username</arg>
<arg>${username}</arg>
<doc>Types the given ``text`` into the text field identified by ``locator``.</doc>
<msg timestamp="20231120 19:25:27.247" level="INFO">Typing text 'testuser' into text field 'username'.</msg>
<status status="PASS" starttime="20231120 19:25:27.246" endtime="20231120 19:25:27.260"/>
</kw>
<status status="PASS" starttime="20231120 19:25:27.246" endtime="20231120 19:25:27.260"/>
</kw>
<kw name="Set Password" library="login_resource">
<arg>${VALID_PASSWORD}</arg>
<kw name="Input Password" library="SeleniumLibrary">
<arg>password</arg>
<arg>${password}</arg>
<doc>Types the given password into the text field identified by ``locator``.</doc>
<msg timestamp="20231120 19:25:27.261" level="INFO">Typing password into text field 'password'.</msg>
<msg timestamp="20231120 19:25:27.267" level="INFO">Temporally setting log level to: NONE</msg>
<msg timestamp="20231120 19:25:27.272" level="INFO">Log level changed from NONE to INFO.</msg>
<status status="PASS" starttime="20231120 19:25:27.261" endtime="20231120 19:25:27.273"/>
</kw>
<status status="PASS" starttime="20231120 19:25:27.260" endtime="20231120 19:25:27.273"/>
</kw>
<kw name="Set Password Confirmation">
<arg>${VALID_PASSWORD}</arg>
<kw name="Input Password" library="SeleniumLibrary">
<arg>password_confirmation</arg>
<arg>${password}</arg>
<doc>Types the given password into the text field identified by ``locator``.</doc>
<msg timestamp="20231120 19:25:27.274" level="INFO">Typing password into text field 'password_confirmation'.</msg>
<msg timestamp="20231120 19:25:27.277" level="INFO">Temporally setting log level to: NONE</msg>
<msg timestamp="20231120 19:25:27.282" level="INFO">Log level changed from NONE to INFO.</msg>
<status status="PASS" starttime="20231120 19:25:27.273" endtime="20231120 19:25:27.282"/>
</kw>
<status status="PASS" starttime="20231120 19:25:27.273" endtime="20231120 19:25:27.282"/>
</kw>
<kw name="Submit Register">
<kw name="Click Button" library="SeleniumLibrary">
<arg>Register</arg>
<doc>Clicks the button identified by ``locator``.</doc>
<msg timestamp="20231120 19:25:27.283" level="INFO">Clicking button 'Register'.</msg>
<status status="PASS" starttime="20231120 19:25:27.282" endtime="20231120 19:25:27.310"/>
</kw>
<status status="PASS" starttime="20231120 19:25:27.282" endtime="20231120 19:25:27.310"/>
</kw>
<kw name="Welcome Page Should Be Open" library="resource">
<kw name="Title Should Be" library="SeleniumLibrary">
<arg>Welcome to Ohtu Application!</arg>
<doc>Verifies that the current page title equals ``title``.</doc>
<msg timestamp="20231120 19:25:27.311" level="INFO">Page title is 'Welcome to Ohtu Application!'.</msg>
<status status="PASS" starttime="20231120 19:25:27.310" endtime="20231120 19:25:27.311"/>
</kw>
<status status="PASS" starttime="20231120 19:25:27.310" endtime="20231120 19:25:27.311"/>
</kw>
<kw name="Login User" library="login_resource">
<arg>${VALID_USERNAME}</arg>
<arg>${VALID_PASSWORD}</arg>
<kw name="Go To Login Page" library="resource">
<kw name="Go To" library="SeleniumLibrary">
<arg>${LOGIN_URL}</arg>
<doc>Navigates the current browser window to the provided ``url``.</doc>
<msg timestamp="20231120 19:25:27.312" level="INFO">Opening url 'http://localhost:5001/login'</msg>
<status status="PASS" starttime="20231120 19:25:27.312" endtime="20231120 19:25:27.335"/>
</kw>
<status status="PASS" starttime="20231120 19:25:27.312" endtime="20231120 19:25:27.335"/>
</kw>
<kw name="Set Username" library="login_resource">
<arg>${username}</arg>
<kw name="Input Text" library="SeleniumLibrary">
<arg>username</arg>
<arg>${username}</arg>
<doc>Types the given ``text`` into the text field identified by ``locator``.</doc>
<msg timestamp="20231120 19:25:27.336" level="INFO">Typing text 'testuser' into text field 'username'.</msg>
<status status="PASS" starttime="20231120 19:25:27.336" endtime="20231120 19:25:27.349"/>
</kw>
<status status="PASS" starttime="20231120 19:25:27.335" endtime="20231120 19:25:27.349"/>
</kw>
<kw name="Set Password" library="login_resource">
<arg>${password}</arg>
<kw name="Input Password" library="SeleniumLibrary">
<arg>password</arg>
<arg>${password}</arg>
<doc>Types the given password into the text field identified by ``locator``.</doc>
<msg timestamp="20231120 19:25:27.350" level="INFO">Typing password into text field 'password'.</msg>
<msg timestamp="20231120 19:25:27.354" level="INFO">Temporally setting log level to: NONE</msg>
<msg timestamp="20231120 19:25:27.358" level="INFO">Log level changed from NONE to INFO.</msg>
<status status="PASS" starttime="20231120 19:25:27.349" endtime="20231120 19:25:27.358"/>
</kw>
<status status="PASS" starttime="20231120 19:25:27.349" endtime="20231120 19:25:27.358"/>
</kw>
<kw name="Submit Credentials" library="login_resource">
<kw name="Click Button" library="SeleniumLibrary">
<arg>Login</arg>
<doc>Clicks the button identified by ``locator``.</doc>
<msg timestamp="20231120 19:25:27.358" level="INFO">Clicking button 'Login'.</msg>
<status status="PASS" starttime="20231120 19:25:27.358" endtime="20231120 19:25:27.378"/>
</kw>
<status status="PASS" starttime="20231120 19:25:27.358" endtime="20231120 19:25:27.378"/>
</kw>
<status status="PASS" starttime="20231120 19:25:27.312" endtime="20231120 19:25:27.379"/>
</kw>
<kw name="Login Should Succeed" library="login_resource">
<kw name="Main Page Should Be Open" library="resource">
<kw name="Title Should Be" library="SeleniumLibrary">
<arg>Ohtu Application main page</arg>
<doc>Verifies that the current page title equals ``title``.</doc>
<msg timestamp="20231120 19:25:27.382" level="INFO">Page title is 'Ohtu Application main page'.</msg>
<status status="PASS" starttime="20231120 19:25:27.379" endtime="20231120 19:25:27.382"/>
</kw>
<status status="PASS" starttime="20231120 19:25:27.379" endtime="20231120 19:25:27.382"/>
</kw>
<status status="PASS" starttime="20231120 19:25:27.379" endtime="20231120 19:25:27.382"/>
</kw>
<kw name="Reset Database" library="resource" type="TEARDOWN">
<kw name="Reset Application" library="AppLibrary">
<status status="PASS" starttime="20231120 19:25:27.383" endtime="20231120 19:25:27.387"/>
</kw>
<status status="PASS" starttime="20231120 19:25:27.382" endtime="20231120 19:25:27.387"/>
</kw>
<status status="PASS" starttime="20231120 19:25:27.230" endtime="20231120 19:25:27.387"/>
</test>
<test id="s1-s1-s3-t6" name="Login After Failed Registration" line="54">
<kw name="Go To Register Page" library="resource" type="SETUP">
<kw name="Go To" library="SeleniumLibrary">
<arg>${REGISTER_URL}</arg>
<doc>Navigates the current browser window to the provided ``url``.</doc>
<msg timestamp="20231120 19:25:27.388" level="INFO">Opening url 'http://localhost:5001/register'</msg>
<status status="PASS" starttime="20231120 19:25:27.388" endtime="20231120 19:25:27.443"/>
</kw>
<status status="PASS" starttime="20231120 19:25:27.388" endtime="20231120 19:25:27.443"/>
</kw>
<kw name="Set Username" library="login_resource">
<arg>${VALID_USERNAME}</arg>
<kw name="Input Text" library="SeleniumLibrary">
<arg>username</arg>
<arg>${username}</arg>
<doc>Types the given ``text`` into the text field identified by ``locator``.</doc>
<msg timestamp="20231120 19:25:27.444" level="INFO">Typing text 'testuser' into text field 'username'.</msg>
<status status="PASS" starttime="20231120 19:25:27.444" endtime="20231120 19:25:27.462"/>
</kw>
<status status="PASS" starttime="20231120 19:25:27.444" endtime="20231120 19:25:27.462"/>
</kw>
<kw name="Set Password" library="login_resource">
<arg>${VALID_PASSWORD}</arg>
<kw name="Input Password" library="SeleniumLibrary">
<arg>password</arg>
<arg>${password}</arg>
<doc>Types the given password into the text field identified by ``locator``.</doc>
<msg timestamp="20231120 19:25:27.463" level="INFO">Typing password into text field 'password'.</msg>
<msg timestamp="20231120 19:25:27.467" level="INFO">Temporally setting log level to: NONE</msg>
<msg timestamp="20231120 19:25:27.472" level="INFO">Log level changed from NONE to INFO.</msg>
<status status="PASS" starttime="20231120 19:25:27.463" endtime="20231120 19:25:27.472"/>
</kw>
<status status="PASS" starttime="20231120 19:25:27.463" endtime="20231120 19:25:27.472"/>
</kw>
<kw name="Set Password Confirmation">
<arg>${VALID_PASSWORD}1</arg>
<kw name="Input Password" library="SeleniumLibrary">
<arg>password_confirmation</arg>
<arg>${password}</arg>
<doc>Types the given password into the text field identified by ``locator``.</doc>
<msg timestamp="20231120 19:25:27.473" level="INFO">Typing password into text field 'password_confirmation'.</msg>
<msg timestamp="20231120 19:25:27.477" level="INFO">Temporally setting log level to: NONE</msg>
<msg timestamp="20231120 19:25:27.483" level="INFO">Log level changed from NONE to INFO.</msg>
<status status="PASS" starttime="20231120 19:25:27.472" endtime="20231120 19:25:27.483"/>
</kw>
<status status="PASS" starttime="20231120 19:25:27.472" endtime="20231120 19:25:27.483"/>
</kw>
<kw name="Submit Register">
<kw name="Click Button" library="SeleniumLibrary">
<arg>Register</arg>
<doc>Clicks the button identified by ``locator``.</doc>
<msg timestamp="20231120 19:25:27.484" level="INFO">Clicking button 'Register'.</msg>
<status status="PASS" starttime="20231120 19:25:27.483" endtime="20231120 19:25:27.510"/>
</kw>
<status status="PASS" starttime="20231120 19:25:27.483" endtime="20231120 19:25:27.510"/>
</kw>
<kw name="Register Should Fail With Message">
<arg>Password and password confirmation do not match</arg>
<kw name="Register Page Should Be Open" library="resource">
<kw name="Title Should Be" library="SeleniumLibrary">
<arg>Register</arg>
<doc>Verifies that the current page title equals ``title``.</doc>
<msg timestamp="20231120 19:25:27.512" level="INFO">Page title is 'Register'.</msg>
<status status="PASS" starttime="20231120 19:25:27.511" endtime="20231120 19:25:27.512"/>
</kw>
<status status="PASS" starttime="20231120 19:25:27.511" endtime="20231120 19:25:27.512"/>
</kw>
<kw name="Page Should Contain" library="SeleniumLibrary">
<arg>${message}</arg>
<doc>Verifies that current page contains ``text``.</doc>
<msg timestamp="20231120 19:25:27.518" level="INFO">Current page contains text 'Password and password confirmation do not match'.</msg>
<status status="PASS" starttime="20231120 19:25:27.512" endtime="20231120 19:25:27.518"/>
</kw>
<status status="PASS" starttime="20231120 19:25:27.510" endtime="20231120 19:25:27.518"/>
</kw>
<kw name="Login User" library="login_resource">
<arg>${VALID_USERNAME}</arg>
<arg>${VALID_PASSWORD}</arg>
<kw name="Go To Login Page" library="resource">
<kw name="Go To" library="SeleniumLibrary">
<arg>${LOGIN_URL}</arg>
<doc>Navigates the current browser window to the provided ``url``.</doc>
<msg timestamp="20231120 19:25:27.519" level="INFO">Opening url 'http://localhost:5001/login'</msg>
<status status="PASS" starttime="20231120 19:25:27.519" endtime="20231120 19:25:27.537"/>
</kw>
<status status="PASS" starttime="20231120 19:25:27.519" endtime="20231120 19:25:27.537"/>
</kw>
<kw name="Set Username" library="login_resource">
<arg>${username}</arg>
<kw name="Input Text" library="SeleniumLibrary">
<arg>username</arg>
<arg>${username}</arg>
<doc>Types the given ``text`` into the text field identified by ``locator``.</doc>
<msg timestamp="20231120 19:25:27.538" level="INFO">Typing text 'testuser' into text field 'username'.</msg>
<status status="PASS" starttime="20231120 19:25:27.538" endtime="20231120 19:25:27.553"/>
</kw>
<status status="PASS" starttime="20231120 19:25:27.538" endtime="20231120 19:25:27.553"/>
</kw>
<kw name="Set Password" library="login_resource">
<arg>${password}</arg>
<kw name="Input Password" library="SeleniumLibrary">
<arg>password</arg>
<arg>${password}</arg>
<doc>Types the given password into the text field identified by ``locator``.</doc>
<msg timestamp="20231120 19:25:27.554" level="INFO">Typing password into text field 'password'.</msg>
<msg timestamp="20231120 19:25:27.559" level="INFO">Temporally setting log level to: NONE</msg>
<msg timestamp="20231120 19:25:27.565" level="INFO">Log level changed from NONE to INFO.</msg>
<status status="PASS" starttime="20231120 19:25:27.553" endtime="20231120 19:25:27.565"/>
</kw>
<status status="PASS" starttime="20231120 19:25:27.553" endtime="20231120 19:25:27.565"/>
</kw>
<kw name="Submit Credentials" library="login_resource">
<kw name="Click Button" library="SeleniumLibrary">
<arg>Login</arg>
<doc>Clicks the button identified by ``locator``.</doc>
<msg timestamp="20231120 19:25:27.565" level="INFO">Clicking button 'Login'.</msg>
<status status="PASS" starttime="20231120 19:25:27.565" endtime="20231120 19:25:27.586"/>
</kw>
<status status="PASS" starttime="20231120 19:25:27.565" endtime="20231120 19:25:27.586"/>
</kw>
<status status="PASS" starttime="20231120 19:25:27.518" endtime="20231120 19:25:27.586"/>
</kw>
<kw name="Login Should Fail With Message" library="login_resource">
<arg>Invalid username or password</arg>
<kw name="Login Page Should Be Open" library="resource">
<kw name="Title Should Be" library="SeleniumLibrary">
<arg>Login</arg>
<doc>Verifies that the current page title equals ``title``.</doc>
<msg timestamp="20231120 19:25:27.588" level="INFO">Page title is 'Login'.</msg>
<status status="PASS" starttime="20231120 19:25:27.587" endtime="20231120 19:25:27.588"/>
</kw>
<status status="PASS" starttime="20231120 19:25:27.587" endtime="20231120 19:25:27.588"/>
</kw>
<kw name="Page Should Contain" library="SeleniumLibrary">
<arg>${message}</arg>
<doc>Verifies that current page contains ``text``.</doc>
<msg timestamp="20231120 19:25:27.592" level="INFO">Current page contains text 'Invalid username or password'.</msg>
<status status="PASS" starttime="20231120 19:25:27.588" endtime="20231120 19:25:27.592"/>
</kw>
<status status="PASS" starttime="20231120 19:25:27.587" endtime="20231120 19:25:27.592"/>
</kw>
<kw name="Reset Database" library="resource" type="TEARDOWN">
<kw name="Reset Application" library="AppLibrary">
<status status="PASS" starttime="20231120 19:25:27.592" endtime="20231120 19:25:27.597"/>
</kw>
<status status="PASS" starttime="20231120 19:25:27.592" endtime="20231120 19:25:27.597"/>
</kw>
<status status="PASS" starttime="20231120 19:25:27.388" endtime="20231120 19:25:27.597"/>
</test>
<kw name="Close Browser" library="SeleniumLibrary" type="TEARDOWN">
<doc>Closes the current browser.</doc>
<status status="PASS" starttime="20231120 19:25:27.598" endtime="20231120 19:25:28.614"/>
</kw>
<status status="PASS" starttime="20231120 19:25:24.350" endtime="20231120 19:25:28.614"/>
</suite>
<status status="PASS" starttime="20231120 19:25:16.141" endtime="20231120 19:25:28.617"/>
</suite>
<status status="PASS" starttime="20231120 19:25:16.131" endtime="20231120 19:25:28.618"/>
</suite>
<statistics>
<total>
<stat pass="11" fail="0" skip="0">All Tests</stat>
</total>
<tag>
</tag>
<suite>
<stat pass="11" fail="0" skip="0" id="s1" name="Src">Src</stat>
<stat pass="11" fail="0" skip="0" id="s1-s1" name="Tests">Src.Tests</stat>
<stat pass="2" fail="0" skip="0" id="s1-s1-s1" name="Home">Src.Tests.Home</stat>
<stat pass="3" fail="0" skip="0" id="s1-s1-s2" name="Login">Src.Tests.Login</stat>
<stat pass="6" fail="0" skip="0" id="s1-s1-s3" name="Register">Src.Tests.Register</stat>
</suite>
</statistics>
<errors>
</errors>
</robot>
